<?xml version="1.0" encoding="UTF-8"?>
<!-- Generated by org.testng.reporters.JUnitXMLReporter -->
<testsuite ignored="0" hostname="aishwarya" failures="0" tests="13" name="Surefire test" time="34.625" errors="0" timestamp="2024-03-30T10:44:48 IST">
  <testcase classname="api.test.DataProviderTest" name="testPost" time="4.1"/>
  <testcase classname="api.test.DataProviderTest" name="testPost" time="2.054"/>
  <testcase classname="api.test.DataProviderTest" name="testPost" time="2.479"/>
  <testcase classname="api.test.DataProviderTest" name="testGetUser" time="1.879"/>
  <testcase classname="api.test.DataProviderTest" name="testGetUser" time="1.812"/>
  <testcase classname="api.test.DataProviderTest" name="testGetUser" time="2.569"/>
  <testcase classname="api.test.DataProviderTest" name="testDeleteByName" time="1.784"/>
  <testcase classname="api.test.DataProviderTest" name="testDeleteByName" time="2.564"/>
  <testcase classname="api.test.DataProviderTest" name="testDeleteByName" time="1.587"/>
  <testcase classname="api.test.UserTests" name="testPostUser" time="2.278"/>
  <testcase classname="api.test.UserTests" name="testGetUser" time="1.91"/>
  <testcase classname="api.test.UserTests" name="testPutUser" time="5.14"/>
  <testcase classname="api.test.UserTests" name="testDeleteUser" time="2.477"/>
</testsuite> <!-- Surefire test -->
