<?xml version="1.0" encoding="UTF-8"?>
<!-- Generated by org.testng.reporters.JUnitXMLReporter -->
<testsuite ignored="0" hostname="aishwarya" failures="0" tests="9" name="Default test" time="33.106" errors="0" timestamp="2024-03-29T18:27:24 IST">
  <testcase classname="api.test.DataProviderTest" name="testPost" time="7.749"/>
  <testcase classname="api.test.DataProviderTest" name="testPost" time="3.138"/>
  <testcase classname="api.test.DataProviderTest" name="testPost" time="3.117"/>
  <testcase classname="api.test.DataProviderTest" name="testGetUser" time="3.953"/>
  <testcase classname="api.test.DataProviderTest" name="testGetUser" time="2.851"/>
  <testcase classname="api.test.DataProviderTest" name="testGetUser" time="4.811"/>
  <testcase classname="api.test.DataProviderTest" name="testDeleteByName" time="1.611"/>
  <testcase classname="api.test.DataProviderTest" name="testDeleteByName" time="1.929"/>
  <testcase classname="api.test.DataProviderTest" name="testDeleteByName" time="1.679"/>
</testsuite> <!-- Default test -->
