<?xml version="1.0" encoding="UTF-8"?>
<!-- Generated by org.testng.reporters.JUnitXMLReporter -->
<testsuite ignored="0" hostname="aishwarya" failures="0" tests="4" name="Test" time="13.52" errors="0" timestamp="2024-03-30T11:01:49 IST">
  <testcase classname="api.test.UserTests2" name="testPostUser" time="4.39"/>
  <testcase classname="api.test.UserTests2" name="testGetUser" time="2.082"/>
  <testcase classname="api.test.UserTests2" name="testPutUser" time="5.035"/>
  <testcase classname="api.test.UserTests2" name="testDeleteUser" time="1.669"/>
</testsuite> <!-- Test -->
