<?xml version="1.0" encoding="UTF-8"?>
<testng-results ignored="0" total="4" passed="4" failed="0" skipped="0">
  <reporter-output>
  </reporter-output>
  <suite started-at="2024-03-30T11:01:36 IST" name="Suite" finished-at="2024-03-30T11:01:49 IST" duration-ms="13520">
    <groups>
    </groups>
    <test started-at="2024-03-30T11:01:36 IST" name="Test" finished-at="2024-03-30T11:01:49 IST" duration-ms="13520">
      <class name="api.test.UserTests2">
        <test-method is-config="true" signature="setUpData()[pri:0, instance:api.test.UserTests2@7216fb24]" started-at="2024-03-30T11:01:36 IST" name="setUpData" finished-at="2024-03-30T11:01:36 IST" duration-ms="281" status="PASS">
          <reporter-output>
          </reporter-output>
        </test-method> <!-- setUpData -->
        <test-method signature="testPostUser()[pri:1, instance:api.test.UserTests2@7216fb24]" started-at="2024-03-30T11:01:36 IST" name="testPostUser" finished-at="2024-03-30T11:01:40 IST" duration-ms="4390" status="PASS">
          <reporter-output>
          </reporter-output>
        </test-method> <!-- testPostUser -->
        <test-method signature="testGetUser()[pri:2, instance:api.test.UserTests2@7216fb24]" started-at="2024-03-30T11:01:41 IST" name="testGetUser" finished-at="2024-03-30T11:01:43 IST" duration-ms="2082" status="PASS">
          <reporter-output>
          </reporter-output>
        </test-method> <!-- testGetUser -->
        <test-method signature="testPutUser()[pri:3, instance:api.test.UserTests2@7216fb24]" started-at="2024-03-30T11:01:43 IST" name="testPutUser" finished-at="2024-03-30T11:01:48 IST" duration-ms="5035" status="PASS">
          <reporter-output>
          </reporter-output>
        </test-method> <!-- testPutUser -->
        <test-method signature="testDeleteUser()[pri:4, instance:api.test.UserTests2@7216fb24]" started-at="2024-03-30T11:01:48 IST" name="testDeleteUser" finished-at="2024-03-30T11:01:49 IST" duration-ms="1669" status="PASS">
          <reporter-output>
          </reporter-output>
        </test-method> <!-- testDeleteUser -->
      </class> <!-- api.test.UserTests2 -->
    </test> <!-- Test -->
  </suite> <!-- Suite -->
</testng-results>
