<?xml version="1.0" encoding="UTF-8"?>
<testng-results ignored="0" total="4" passed="4" failed="0" skipped="0">
  <reporter-output>
  </reporter-output>
  <suite started-at="2024-03-30T10:28:33 IST" name="Suite" finished-at="2024-03-30T10:28:47 IST" duration-ms="13489">
    <groups>
    </groups>
    <test started-at="2024-03-30T10:28:33 IST" name="Test" finished-at="2024-03-30T10:28:47 IST" duration-ms="13489">
      <class name="api.test.UserTests2">
        <test-method is-config="true" signature="setUpData()[pri:0, instance:api.test.UserTests2@60bdf15d]" started-at="2024-03-30T10:28:33 IST" name="setUpData" finished-at="2024-03-30T10:28:33 IST" duration-ms="251" status="PASS">
          <reporter-output>
          </reporter-output>
        </test-method> <!-- setUpData -->
        <test-method signature="testPostUser()[pri:1, instance:api.test.UserTests2@60bdf15d]" started-at="2024-03-30T10:28:33 IST" name="testPostUser" finished-at="2024-03-30T10:28:38 IST" duration-ms="4689" status="PASS">
          <reporter-output>
          </reporter-output>
        </test-method> <!-- testPostUser -->
        <test-method signature="testGetUser()[pri:2, instance:api.test.UserTests2@60bdf15d]" started-at="2024-03-30T10:28:38 IST" name="testGetUser" finished-at="2024-03-30T10:28:40 IST" duration-ms="1767" status="PASS">
          <reporter-output>
          </reporter-output>
        </test-method> <!-- testGetUser -->
        <test-method signature="testPutUser()[pri:3, instance:api.test.UserTests2@60bdf15d]" started-at="2024-03-30T10:28:40 IST" name="testPutUser" finished-at="2024-03-30T10:28:45 IST" duration-ms="4802" status="PASS">
          <reporter-output>
          </reporter-output>
        </test-method> <!-- testPutUser -->
        <test-method signature="testDeleteUser()[pri:4, instance:api.test.UserTests2@60bdf15d]" started-at="2024-03-30T10:28:45 IST" name="testDeleteUser" finished-at="2024-03-30T10:28:47 IST" duration-ms="1915" status="PASS">
          <reporter-output>
          </reporter-output>
        </test-method> <!-- testDeleteUser -->
      </class> <!-- api.test.UserTests2 -->
    </test> <!-- Test -->
  </suite> <!-- Suite -->
</testng-results>
